  AnimationBaseState.cpp
C:\Users\User\Documents\GitHub\Hiro-Direct2DEngine\D2DEngine\GameObject.h(76,3): warning C4984: 'if constexpr'은 C++17 언어 확장입니다.
  (소스 파일 '/AnimationBaseState.cpp'을(를) 컴파일하는 중)
      C:\Users\User\Documents\GitHub\Hiro-Direct2DEngine\D2DEngine\GameObject.h(66,5):
      이 진단은 컴파일러 생성 함수 'T *GameObject::AddComponent(Args ...)'에서 수행되었습니다.
  
C:\Users\User\Documents\GitHub\Hiro-Direct2DEngine\D2DEngine\AnimatorComponent.h(41,51): warning C4267: '=': 'size_t'에서 'int'(으)로 변환하면서 데이터가 손실될 수 있습니다.
  (소스 파일 '/AnimationBaseState.cpp'을(를) 컴파일하는 중)
  
  AnimationController.cpp
C:\Users\User\Documents\GitHub\Hiro-Direct2DEngine\D2DEngine\GameObject.h(76,3): warning C4984: 'if constexpr'은 C++17 언어 확장입니다.
  (소스 파일 '/AnimationController.cpp'을(를) 컴파일하는 중)
      C:\Users\User\Documents\GitHub\Hiro-Direct2DEngine\D2DEngine\GameObject.h(66,5):
      이 진단은 컴파일러 생성 함수 'T *GameObject::AddComponent(Args ...)'에서 수행되었습니다.
  
C:\Users\User\Documents\GitHub\Hiro-Direct2DEngine\D2DEngine\AnimatorComponent.h(41,51): warning C4267: '=': 'size_t'에서 'int'(으)로 변환하면서 데이터가 손실될 수 있습니다.
  (소스 파일 '/AnimationController.cpp'을(를) 컴파일하는 중)
  
  AnimatorComponent.cpp
C:\Users\User\Documents\GitHub\Hiro-Direct2DEngine\D2DEngine\GameObject.h(76,3): warning C4984: 'if constexpr'은 C++17 언어 확장입니다.
  (소스 파일 '/AnimatorComponent.cpp'을(를) 컴파일하는 중)
      C:\Users\User\Documents\GitHub\Hiro-Direct2DEngine\D2DEngine\GameObject.h(66,5):
      이 진단은 컴파일러 생성 함수 'T *GameObject::AddComponent(Args ...)'에서 수행되었습니다.
  
C:\Users\User\Documents\GitHub\Hiro-Direct2DEngine\D2DEngine\AnimatorComponent.h(41,51): warning C4267: '=': 'size_t'에서 'int'(으)로 변환하면서 데이터가 손실될 수 있습니다.
  (소스 파일 '/AnimatorComponent.cpp'을(를) 컴파일하는 중)
  
  Application.cpp
C:\Users\User\Documents\GitHub\Hiro-Direct2DEngine\D2DEngine\GameObject.h(76,3): warning C4984: 'if constexpr'은 C++17 언어 확장입니다.
  (소스 파일 '/Application.cpp'을(를) 컴파일하는 중)
      C:\Users\User\Documents\GitHub\Hiro-Direct2DEngine\D2DEngine\GameObject.h(66,5):
      이 진단은 컴파일러 생성 함수 'T *GameObject::AddComponent(Args ...)'에서 수행되었습니다.
  
C:\Users\User\Documents\GitHub\Hiro-Direct2DEngine\D2DEngine\AnimatorComponent.h(41,51): warning C4267: '=': 'size_t'에서 'int'(으)로 변환하면서 데이터가 손실될 수 있습니다.
  (소스 파일 '/Application.cpp'을(를) 컴파일하는 중)
  
  AudioComponent.cpp
  AudioManager.cpp
  BitmapResource.cpp
  BoxColliderComponent.cpp
C:\Users\User\Documents\GitHub\Hiro-Direct2DEngine\D2DEngine\GameObject.h(76,3): warning C4984: 'if constexpr'은 C++17 언어 확장입니다.
  (소스 파일 '/BoxColliderComponent.cpp'을(를) 컴파일하는 중)
      C:\Users\User\Documents\GitHub\Hiro-Direct2DEngine\D2DEngine\GameObject.h(66,5):
      이 진단은 컴파일러 생성 함수 'T *GameObject::AddComponent(Args ...)'에서 수행되었습니다.
  
  ButtonComponent.cpp
C:\Users\User\Documents\GitHub\Hiro-Direct2DEngine\D2DEngine\GameObject.h(76,3): warning C4984: 'if constexpr'은 C++17 언어 확장입니다.
  (소스 파일 '/ButtonComponent.cpp'을(를) 컴파일하는 중)
      C:\Users\User\Documents\GitHub\Hiro-Direct2DEngine\D2DEngine\GameObject.h(66,5):
      이 진단은 컴파일러 생성 함수 'T *GameObject::AddComponent(Args ...)'에서 수행되었습니다.
  
  Camera.cpp
C:\Users\User\Documents\GitHub\Hiro-Direct2DEngine\D2DEngine\Camera.cpp(49,80): warning C4244: '인수': 'float'에서 'int'(으)로 변환하면서 데이터가 손실될 수 있습니다.
  (소스 파일 '/Camera.cpp'을(를) 컴파일하는 중)
  
C:\Users\User\Documents\GitHub\Hiro-Direct2DEngine\D2DEngine\Camera.cpp(49,63): warning C4244: '인수': 'float'에서 'int'(으)로 변환하면서 데이터가 손실될 수 있습니다.
  (소스 파일 '/Camera.cpp'을(를) 컴파일하는 중)
  
  ColliderComponent.cpp
C:\Users\User\Documents\GitHub\Hiro-Direct2DEngine\D2DEngine\GameObject.h(76,3): warning C4984: 'if constexpr'은 C++17 언어 확장입니다.
  (소스 파일 '/ColliderComponent.cpp'을(를) 컴파일하는 중)
      C:\Users\User\Documents\GitHub\Hiro-Direct2DEngine\D2DEngine\GameObject.h(66,5):
      이 진단은 컴파일러 생성 함수 'T *GameObject::AddComponent(Args ...)'에서 수행되었습니다.
  
  ColliderDebugRenderer.cpp
C:\Users\User\Documents\GitHub\Hiro-Direct2DEngine\D2DEngine\GameObject.h(76,3): warning C4984: 'if constexpr'은 C++17 언어 확장입니다.
  (소스 파일 '/ColliderDebugRenderer.cpp'을(를) 컴파일하는 중)
      C:\Users\User\Documents\GitHub\Hiro-Direct2DEngine\D2DEngine\GameObject.h(66,5):
      이 진단은 컴파일러 생성 함수 'T *GameObject::AddComponent(Args ...)'에서 수행되었습니다.
  
  ColliderSystem.cpp
C:\Users\User\Documents\GitHub\Hiro-Direct2DEngine\D2DEngine\GameObject.h(76,3): warning C4984: 'if constexpr'은 C++17 언어 확장입니다.
  (소스 파일 '/ColliderSystem.cpp'을(를) 컴파일하는 중)
      C:\Users\User\Documents\GitHub\Hiro-Direct2DEngine\D2DEngine\GameObject.h(66,5):
      이 진단은 컴파일러 생성 함수 'T *GameObject::AddComponent(Args ...)'에서 수행되었습니다.
  
  Component.cpp
  D2DEngine.cpp
  코드를 생성하고 있습니다...
  D2DEngine.vcxproj -> C:\Users\User\Documents\GitHub\Hiro-Direct2DEngine\x64\Debug\D2DEngine.lib
