  AnimeScene.cpp
C:\Users\User\Documents\GitHub\Hiro-Direct2DEngine\D2DEngine\GameObject.h(76,3): warning C4984: 'if constexpr'은 C++17 언어 확장입니다.
  (소스 파일 'AnimeScene.cpp'을(를) 컴파일하는 중)
      C:\Users\User\Documents\GitHub\Hiro-Direct2DEngine\D2DEngine\GameObject.h(66,5):
      이 진단은 컴파일러 생성 함수 'T *GameObject::AddComponent(Args ...)'에서 수행되었습니다.
  
C:\Users\User\Documents\GitHub\Hiro-Direct2DEngine\D2DEngine\AnimatorComponent.h(41,51): warning C4267: '=': 'size_t'에서 'int'(으)로 변환하면서 데이터가 손실될 수 있습니다.
  (소스 파일 'AnimeScene.cpp'을(를) 컴파일하는 중)
  
  DemoGameApp.cpp
C:\Users\User\Documents\GitHub\Hiro-Direct2DEngine\D2DEngine\GameObject.h(76,3): warning C4984: 'if constexpr'은 C++17 언어 확장입니다.
  (소스 파일 'DemoGameApp.cpp'을(를) 컴파일하는 중)
      C:\Users\User\Documents\GitHub\Hiro-Direct2DEngine\D2DEngine\GameObject.h(66,5):
      이 진단은 컴파일러 생성 함수 'T *GameObject::AddComponent(Args ...)'에서 수행되었습니다.
  
C:\Users\User\Documents\GitHub\Hiro-Direct2DEngine\D2DEngine\AnimatorComponent.h(41,51): warning C4267: '=': 'size_t'에서 'int'(으)로 변환하면서 데이터가 손실될 수 있습니다.
  (소스 파일 'DemoGameApp.cpp'을(를) 컴파일하는 중)
  
  DemoScene.cpp
C:\Users\User\Documents\GitHub\Hiro-Direct2DEngine\D2DEngine\GameObject.h(76,3): warning C4984: 'if constexpr'은 C++17 언어 확장입니다.
  (소스 파일 'DemoScene.cpp'을(를) 컴파일하는 중)
      C:\Users\User\Documents\GitHub\Hiro-Direct2DEngine\D2DEngine\GameObject.h(66,5):
      이 진단은 컴파일러 생성 함수 'T *GameObject::AddComponent(Args ...)'에서 수행되었습니다.
  
C:\Users\User\Documents\GitHub\Hiro-Direct2DEngine\D2DEngine\AnimatorComponent.h(41,51): warning C4267: '=': 'size_t'에서 'int'(으)로 변환하면서 데이터가 손실될 수 있습니다.
  (소스 파일 'DemoScene.cpp'을(를) 컴파일하는 중)
  
  KinematicScene.cpp
C:\Users\User\Documents\GitHub\Hiro-Direct2DEngine\D2DEngine\GameObject.h(76,3): warning C4984: 'if constexpr'은 C++17 언어 확장입니다.
  (소스 파일 'KinematicScene.cpp'을(를) 컴파일하는 중)
      C:\Users\User\Documents\GitHub\Hiro-Direct2DEngine\D2DEngine\GameObject.h(66,5):
      이 진단은 컴파일러 생성 함수 'T *GameObject::AddComponent(Args ...)'에서 수행되었습니다.
  
C:\Users\User\Documents\GitHub\Hiro-Direct2DEngine\D2DEngine\AnimatorComponent.h(41,51): warning C4267: '=': 'size_t'에서 'int'(으)로 변환하면서 데이터가 손실될 수 있습니다.
  (소스 파일 'KinematicScene.cpp'을(를) 컴파일하는 중)
  
  PlayScene.cpp
C:\Users\User\Documents\GitHub\Hiro-Direct2DEngine\D2DEngine\GameObject.h(76,3): warning C4984: 'if constexpr'은 C++17 언어 확장입니다.
  (소스 파일 'PlayScene.cpp'을(를) 컴파일하는 중)
      C:\Users\User\Documents\GitHub\Hiro-Direct2DEngine\D2DEngine\GameObject.h(66,5):
      이 진단은 컴파일러 생성 함수 'T *GameObject::AddComponent(Args ...)'에서 수행되었습니다.
  
  TestScene.cpp
C:\Users\User\Documents\GitHub\Hiro-Direct2DEngine\D2DEngine\GameObject.h(76,3): warning C4984: 'if constexpr'은 C++17 언어 확장입니다.
  (소스 파일 'TestScene.cpp'을(를) 컴파일하는 중)
      C:\Users\User\Documents\GitHub\Hiro-Direct2DEngine\D2DEngine\GameObject.h(66,5):
      이 진단은 컴파일러 생성 함수 'T *GameObject::AddComponent(Args ...)'에서 수행되었습니다.
  
  TitleScene.cpp
C:\Users\User\Documents\GitHub\Hiro-Direct2DEngine\D2DEngine\GameObject.h(76,3): warning C4984: 'if constexpr'은 C++17 언어 확장입니다.
  (소스 파일 'TitleScene.cpp'을(를) 컴파일하는 중)
      C:\Users\User\Documents\GitHub\Hiro-Direct2DEngine\D2DEngine\GameObject.h(66,5):
      이 진단은 컴파일러 생성 함수 'T *GameObject::AddComponent(Args ...)'에서 수행되었습니다.
  
  Wonderhoy.cpp
C:\Users\User\Documents\GitHub\Hiro-Direct2DEngine\D2DEngine\GameObject.h(76,3): warning C4984: 'if constexpr'은 C++17 언어 확장입니다.
  (소스 파일 'Wonderhoy.cpp'을(를) 컴파일하는 중)
      C:\Users\User\Documents\GitHub\Hiro-Direct2DEngine\D2DEngine\GameObject.h(66,5):
      이 진단은 컴파일러 생성 함수 'T *GameObject::AddComponent(Args ...)'에서 수행되었습니다.
  
  main.cpp
C:\Users\User\Documents\GitHub\Hiro-Direct2DEngine\D2DEngine\GameObject.h(76,3): warning C4984: 'if constexpr'은 C++17 언어 확장입니다.
  (소스 파일 'main.cpp'을(를) 컴파일하는 중)
      C:\Users\User\Documents\GitHub\Hiro-Direct2DEngine\D2DEngine\GameObject.h(66,5):
      이 진단은 컴파일러 생성 함수 'T *GameObject::AddComponent(Args ...)'에서 수행되었습니다.
  
C:\Users\User\Documents\GitHub\Hiro-Direct2DEngine\D2DEngine\AnimatorComponent.h(41,51): warning C4267: '=': 'size_t'에서 'int'(으)로 변환하면서 데이터가 손실될 수 있습니다.
  (소스 파일 'main.cpp'을(를) 컴파일하는 중)
  
  코드를 생성하고 있습니다...
  Project_Direct2D.vcxproj -> C:\Users\User\Documents\GitHub\Hiro-Direct2DEngine\x64\Debug\Project_Direct2D.exe
